2025-05-04 16:45:50,989 - sensor_collector - INFO - Starting data collection. Writing to /home/fire/Downloads/plant_health_monitoring_system/Get-Data/Data.csv
2025-05-04 16:45:50,989 - sensor_collector - INFO - Collection interval: 5.0 seconds
2025-05-04 16:46:11,102 - sensor_collector - INFO - Wrote 5 records to CSV
2025-05-04 16:46:36,215 - sensor_collector - INFO - Wrote 5 records to CSV
2025-05-04 16:46:48,185 - sensor_collector - INFO - Shutdown signal received. Exiting gracefully...
2025-05-04 16:46:48,249 - sensor_collector - INFO - Shutdown signal received. Exiting gracefully...
2025-05-04 16:46:51,259 - sensor_collector - INFO - Wrote final 2 records to CSV
2025-05-04 16:46:51,259 - sensor_collector - INFO - Data collection stopped
2025-05-04 16:53:11,573 - sensor_collector - INFO - Starting data collection. Writing to /home/fire/Downloads/plant_health_monitoring_system/Get-Data/Data.csv
2025-05-04 16:53:11,573 - sensor_collector - INFO - Collection interval: 5.0 seconds
2025-05-04 16:53:31,687 - sensor_collector - INFO - Wrote 5 records to CSV
2025-05-04 16:53:56,803 - sensor_collector - INFO - Wrote 5 records to CSV
2025-05-04 16:54:00,094 - sensor_collector - INFO - Shutdown signal received. Exiting gracefully...
2025-05-04 16:54:00,157 - sensor_collector - INFO - Shutdown signal received. Exiting gracefully...
2025-05-04 16:54:01,803 - sensor_collector - INFO - Data collection stopped
2025-05-04 17:02:11,107 - sensor_collector - INFO - Starting data collection. Writing to /home/fire/Downloads/plant_health_monitoring_system/Get-Data/Data.csv
2025-05-04 17:02:11,107 - sensor_collector - INFO - Collection interval: 5.0 seconds
2025-05-04 17:02:31,223 - sensor_collector - INFO - Wrote 5 records to CSV
2025-05-04 17:02:56,335 - sensor_collector - INFO - Wrote 5 records to CSV
2025-05-04 17:03:21,444 - sensor_collector - INFO - Wrote 5 records to CSV
2025-05-04 17:03:46,551 - sensor_collector - INFO - Wrote 5 records to CSV
2025-05-04 17:08:17,379 - sensor_collector - INFO - Starting data collection. Writing to /home/fire/Downloads/plant_health_monitoring_system/Get-Data/Data.csv
2025-05-04 17:08:17,379 - sensor_collector - INFO - Collection interval: 5.0 seconds
2025-05-04 17:08:37,488 - sensor_collector - INFO - Wrote 5 records to CSV
2025-05-04 17:12:01,877 - sensor_collector - INFO - Starting data collection. Writing to /home/fire/Downloads/plant_health_monitoring_system/Get-Data/Data.csv
2025-05-04 17:12:01,878 - sensor_collector - INFO - Collection interval: 5.0 seconds
2025-05-04 17:12:29,904 - sensor_collector - INFO - Starting data collection. Writing to /home/fire/Downloads/plant_health_monitoring_system/Get-Data/Data.csv
2025-05-04 17:12:29,904 - sensor_collector - INFO - Collection interval: 5.0 seconds
2025-05-04 17:12:50,020 - sensor_collector - INFO - Wrote 5 records to CSV
2025-05-04 17:16:16,872 - sensor_collector - INFO - Starting data collection. Writing to /home/fire/Downloads/plant_health_monitoring_system/Get-Data/Data.csv
2025-05-04 17:16:16,873 - sensor_collector - INFO - Collection interval: 5.0 seconds
2025-05-04 17:16:36,990 - sensor_collector - INFO - Wrote 5 records to CSV
2025-05-04 17:17:02,108 - sensor_collector - INFO - Wrote 5 records to CSV
2025-05-04 17:17:27,220 - sensor_collector - INFO - Wrote 5 records to CSV
2025-05-04 17:20:32,265 - sensor_collector - INFO - Starting data collection. Writing to /home/fire/Downloads/plant_health_monitoring_system/Get-Data/Data.csv
2025-05-04 17:20:32,265 - sensor_collector - INFO - Collection interval: 5.0 seconds
2025-05-04 17:20:52,381 - sensor_collector - INFO - Wrote 5 records to CSV
2025-05-04 17:21:17,493 - sensor_collector - INFO - Wrote 5 records to CSV
2025-05-04 17:21:42,607 - sensor_collector - INFO - Wrote 5 records to CSV
2025-05-04 17:23:31,233 - sensor_collector - INFO - Starting data collection. Writing to /home/fire/Downloads/plant_health_monitoring_system/Get-Data/Data.csv
2025-05-04 17:23:31,233 - sensor_collector - INFO - Collection interval: 5.0 seconds
2025-05-04 17:23:51,355 - sensor_collector - INFO - Wrote 5 records to CSV
2025-05-04 17:24:16,471 - sensor_collector - INFO - Wrote 5 records to CSV
2025-05-04 17:33:43,532 - sensor_collector - INFO - Starting data collection. Writing to /home/fire/Downloads/plant_health_monitoring_system/Get-Data/Data.csv
2025-05-04 17:33:43,532 - sensor_collector - INFO - Collection interval: 5.0 seconds
2025-05-04 17:34:03,634 - sensor_collector - INFO - Wrote 5 records to CSV
2025-05-04 17:34:28,748 - sensor_collector - INFO - Wrote 5 records to CSV
2025-05-04 17:34:48,096 - sensor_collector - INFO - Starting data collection. Writing to /home/fire/Downloads/plant_health_monitoring_system/Get-Data/Data.csv
2025-05-04 17:34:48,096 - sensor_collector - INFO - Collection interval: 5.0 seconds
2025-05-04 17:36:26,522 - sensor_collector - INFO - Starting data collection. Writing to /home/fire/Downloads/plant_health_monitoring_system/Get-Data/Data.csv
2025-05-04 17:36:26,523 - sensor_collector - INFO - Collection interval: 5.0 seconds
2025-05-04 17:36:46,633 - sensor_collector - INFO - Wrote 5 records to CSV
2025-05-04 17:42:02,333 - sensor_collector - INFO - Starting data collection. Writing to /home/fire/Downloads/plant_health_monitoring_system/Get-Data/Data.csv
2025-05-04 17:42:02,333 - sensor_collector - INFO - Collection interval: 5.0 seconds
2025-05-04 17:46:44,850 - sensor_collector - INFO - Starting data collection. Writing to /home/fire/Downloads/plant_health_monitoring_system/Get-Data/Data.csv
2025-05-04 17:46:44,850 - sensor_collector - INFO - Collection interval: 5.0 seconds
2025-05-04 17:47:04,955 - sensor_collector - INFO - Wrote 5 records to CSV
2025-05-04 17:48:27,750 - sensor_collector - INFO - Starting data collection. Writing to /home/fire/Downloads/plant_health_monitoring_system/Get-Data/Data.csv
2025-05-04 17:48:27,750 - sensor_collector - INFO - Collection interval: 5.0 seconds
2025-05-04 17:48:47,860 - sensor_collector - INFO - Wrote 5 records to CSV
2025-05-04 17:49:04,122 - sensor_collector - INFO - Shutdown signal received. Exiting gracefully...
2025-05-04 17:49:04,186 - sensor_collector - INFO - Shutdown signal received. Exiting gracefully...
2025-05-04 17:49:07,925 - sensor_collector - INFO - Wrote final 3 records to CSV
2025-05-04 17:49:07,926 - sensor_collector - INFO - Data collection stopped
2025-05-04 17:51:07,564 - sensor_collector - INFO - Starting data collection. Writing to /home/fire/Downloads/plant_health_monitoring_system/Get-Data/Data.csv
2025-05-04 17:51:07,565 - sensor_collector - INFO - Collection interval: 5.0 seconds
2025-05-04 17:51:27,671 - sensor_collector - INFO - Wrote 5 records to CSV
2025-05-04 17:52:56,221 - sensor_collector - INFO - Starting data collection. Writing to /home/fire/Downloads/plant_health_monitoring_system/Get-Data/Data.csv
2025-05-04 17:52:56,221 - sensor_collector - INFO - Collection interval: 5.0 seconds
2025-05-04 17:53:16,328 - sensor_collector - INFO - Wrote 5 records to CSV
2025-05-04 18:00:51,290 - sensor_collector - INFO - Starting data collection. Writing to /home/fire/Downloads/plant_health_monitoring_system/Get-Data/Data.csv
2025-05-04 18:00:51,290 - sensor_collector - INFO - Collection interval: 5.0 seconds
2025-05-04 18:01:11,414 - sensor_collector - INFO - Wrote 5 records to CSV
2025-05-04 18:01:36,530 - sensor_collector - INFO - Wrote 5 records to CSV
2025-05-04 18:02:57,399 - sensor_collector - INFO - Starting data collection. Writing to /home/fire/Downloads/plant_health_monitoring_system/Get-Data/Data.csv
2025-05-04 18:02:57,399 - sensor_collector - INFO - Collection interval: 5.0 seconds
2025-05-04 18:03:17,501 - sensor_collector - INFO - Wrote 5 records to CSV
2025-05-04 18:03:42,614 - sensor_collector - INFO - Wrote 5 records to CSV
2025-05-04 18:04:07,734 - sensor_collector - INFO - Wrote 5 records to CSV
2025-05-04 18:04:30,579 - sensor_collector - INFO - Starting data collection. Writing to /home/fire/Downloads/plant_health_monitoring_system/Get-Data/Data.csv
2025-05-04 18:04:30,579 - sensor_collector - INFO - Collection interval: 5.0 seconds
2025-05-04 18:04:50,669 - sensor_collector - INFO - Updating collection interval from 5.0 to 1.0 seconds
2025-05-04 18:04:50,691 - sensor_collector - INFO - Wrote 5 records to CSV
2025-05-04 18:04:55,809 - sensor_collector - INFO - Wrote 5 records to CSV
2025-05-04 18:04:58,852 - sensor_collector - INFO - Updating collection interval from 1.0 to 5.0 seconds
2025-05-04 18:06:35,654 - sensor_collector - INFO - Starting data collection. Writing to /home/fire/Downloads/plant_health_monitoring_system/Get-Data/Data.csv
2025-05-04 18:06:35,654 - sensor_collector - INFO - Collection interval: 5.0 seconds
2025-05-04 18:06:45,691 - sensor_collector - INFO - Updating collection interval from 5.0 to 1.5 seconds
2025-05-04 18:06:48,759 - sensor_collector - INFO - Wrote 5 records to CSV
2025-05-04 18:06:56,368 - sensor_collector - INFO - Wrote 5 records to CSV
2025-05-04 18:07:00,915 - sensor_collector - INFO - Updating collection interval from 1.5 to 0.5 seconds
2025-05-04 18:07:01,979 - sensor_collector - INFO - Wrote 5 records to CSV
2025-05-04 18:07:04,593 - sensor_collector - INFO - Wrote 5 records to CSV
2025-05-04 18:07:07,203 - sensor_collector - INFO - Wrote 5 records to CSV
2025-05-04 18:07:09,811 - sensor_collector - INFO - Wrote 5 records to CSV
2025-05-04 18:07:12,410 - sensor_collector - INFO - Wrote 5 records to CSV
2025-05-04 18:07:15,021 - sensor_collector - INFO - Wrote 5 records to CSV
2025-05-04 18:12:48,305 - sensor_collector - INFO - Starting data collection. Writing to /home/fire/Downloads/plant_health_monitoring_system/Get-Data/Data.csv
2025-05-04 18:12:48,305 - sensor_collector - INFO - Collection interval: 5.0 seconds
2025-05-04 18:13:08,424 - sensor_collector - INFO - Wrote 5 records to CSV
2025-05-04 18:15:55,168 - sensor_collector - INFO - Starting data collection. Writing to /home/fire/Downloads/plant_health_monitoring_system/Get-Data/Data.csv
2025-05-04 18:15:55,168 - sensor_collector - INFO - Collection interval: 5.0 seconds
2025-05-04 18:16:15,276 - sensor_collector - INFO - Wrote 5 records to CSV
2025-05-04 18:18:59,450 - sensor_collector - INFO - Starting data collection. Writing to /home/fire/Downloads/plant_health_monitoring_system/Get-Data/Data.csv
2025-05-04 18:18:59,450 - sensor_collector - INFO - Collection interval: 5.0 seconds
2025-05-04 18:19:19,569 - sensor_collector - INFO - Wrote 5 records to CSV
2025-05-04 18:21:58,371 - sensor_collector - INFO - Starting data collection. Writing to /home/fire/Downloads/plant_health_monitoring_system/Get-Data/Data.csv
2025-05-04 18:21:58,371 - sensor_collector - INFO - Collection interval: 5.0 seconds
2025-05-04 18:22:18,485 - sensor_collector - INFO - Wrote 5 records to CSV
2025-05-04 18:22:43,613 - sensor_collector - INFO - Wrote 5 records to CSV
2025-05-04 18:26:12,575 - sensor_collector - INFO - Starting data collection. Writing to /home/fire/Downloads/plant_health_monitoring_system/Get-Data/Data.csv
2025-05-04 18:26:12,575 - sensor_collector - INFO - Collection interval: 5.0 seconds
2025-05-04 18:26:32,683 - sensor_collector - INFO - Wrote 5 records to CSV
2025-05-04 18:26:57,789 - sensor_collector - INFO - Wrote 5 records to CSV
2025-05-04 18:27:22,906 - sensor_collector - INFO - Wrote 5 records to CSV
2025-05-04 18:27:48,011 - sensor_collector - INFO - Wrote 5 records to CSV
2025-05-04 19:30:06,503 - sensor_collector - INFO - Starting data collection. Writing to /home/fire/Downloads/plant_health_monitoring_system/Get-Data/Data.csv
2025-05-04 19:30:06,503 - sensor_collector - INFO - Collection interval: 5.0 seconds
2025-05-04 19:30:26,604 - sensor_collector - INFO - Wrote 5 records to CSV
2025-05-04 19:30:51,702 - sensor_collector - INFO - Wrote 5 records to CSV
2025-05-04 19:32:41,330 - sensor_collector - INFO - Starting data collection. Writing to /home/fire/Downloads/plant_health_monitoring_system/Get-Data/Data.csv
2025-05-04 19:32:41,330 - sensor_collector - INFO - Collection interval: 5.0 seconds
2025-05-04 19:33:01,433 - sensor_collector - INFO - Wrote 5 records to CSV
2025-05-04 19:35:43,493 - sensor_collector - INFO - Starting data collection. Writing to /home/fire/Downloads/plant_health_monitoring_system/Get-Data/Data.csv
2025-05-04 19:35:43,493 - sensor_collector - INFO - Collection interval: 5.0 seconds
2025-05-04 19:36:03,604 - sensor_collector - INFO - Wrote 5 records to CSV
2025-05-04 19:36:08,605 - sensor_collector - INFO - Updating collection interval from 5.0 to 2.0 seconds
2025-05-04 19:36:16,721 - sensor_collector - INFO - Wrote 5 records to CSV
2025-05-04 19:36:20,746 - sensor_collector - INFO - Updating collection interval from 2.0 to 0.5 seconds
2025-05-04 19:36:22,336 - sensor_collector - INFO - Wrote 5 records to CSV
2025-05-04 19:36:24,953 - sensor_collector - INFO - Wrote 5 records to CSV
2025-05-04 19:36:27,571 - sensor_collector - INFO - Wrote 5 records to CSV
2025-05-04 19:36:30,192 - sensor_collector - INFO - Wrote 5 records to CSV
2025-05-04 19:36:32,788 - sensor_collector - INFO - Wrote 5 records to CSV
2025-05-04 19:36:35,402 - sensor_collector - INFO - Wrote 5 records to CSV
2025-05-04 19:36:38,016 - sensor_collector - INFO - Wrote 5 records to CSV
2025-05-04 19:36:40,631 - sensor_collector - INFO - Wrote 5 records to CSV
2025-05-04 19:36:43,241 - sensor_collector - INFO - Wrote 5 records to CSV
2025-05-04 19:43:28,744 - sensor_collector - INFO - Starting data collection. Writing to /home/fire/Downloads/plant_health_monitoring_system/Get-Data/Data.csv
2025-05-04 19:43:28,744 - sensor_collector - INFO - Collection interval: 5.0 seconds
2025-05-04 19:43:53,855 - sensor_collector - INFO - Updating collection interval from 5.0 to 1.0 seconds
2025-05-04 19:44:03,070 - sensor_collector - INFO - Wrote 15 records to CSV
2025-05-04 19:44:18,406 - sensor_collector - INFO - Wrote 15 records to CSV
2025-05-04 19:46:19,110 - sensor_collector - INFO - Starting data collection. Writing to /home/fire/Downloads/plant_health_monitoring_system/Get-Data/Data.csv
2025-05-04 19:46:19,110 - sensor_collector - INFO - Collection interval: 5.0 seconds
2025-05-04 19:46:34,180 - sensor_collector - INFO - Updating collection interval from 5.0 to 0.5 seconds
2025-05-04 19:46:39,930 - sensor_collector - INFO - Wrote 15 records to CSV
2025-05-04 19:46:42,520 - sensor_collector - INFO - Updating collection interval from 0.5 to 1.0 seconds
2025-05-04 19:46:52,782 - sensor_collector - INFO - Wrote 15 records to CSV
2025-05-04 19:46:56,860 - sensor_collector - INFO - Updating collection interval from 1.0 to 2.0 seconds
2025-05-04 19:47:19,138 - sensor_collector - INFO - Wrote 15 records to CSV
2025-05-04 19:51:22,738 - sensor_collector - INFO - Starting data collection. Writing to /home/fire/Downloads/plant_health_monitoring_system/Get-Data/Data.csv
2025-05-04 19:51:22,738 - sensor_collector - INFO - Collection interval: 5.0 seconds
2025-05-04 19:51:52,858 - sensor_collector - INFO - Updating collection interval from 5.0 to 2.0 seconds
2025-05-04 19:52:09,050 - sensor_collector - INFO - Wrote 15 records to CSV
2025-05-04 20:01:04,623 - sensor_collector - INFO - Starting data collection. Writing to /home/fire/Downloads/plant_health_monitoring_system/Get-Data/Data.csv
2025-05-04 20:01:04,624 - sensor_collector - INFO - Collection interval: 5.0 seconds
2025-05-04 20:01:04,647 - sensor_collector - ERROR - Error updating system status: no such table: monitoring_systemstatus
2025-05-04 20:01:09,647 - sensor_collector - ERROR - Error updating system status: no such table: monitoring_systemstatus
2025-05-04 20:01:14,647 - sensor_collector - ERROR - Error updating system status: no such table: monitoring_systemstatus
2025-05-04 20:01:19,651 - sensor_collector - ERROR - Error updating system status: no such table: monitoring_systemstatus
2025-05-04 20:02:06,949 - sensor_collector - INFO - Starting data collection. Writing to /home/fire/Downloads/plant_health_monitoring_system/Get-Data/Data.csv
2025-05-04 20:02:06,950 - sensor_collector - INFO - Collection interval: 5.0 seconds
2025-05-04 20:02:26,730 - sensor_collector - INFO - Shutdown signal received. Exiting gracefully...
2025-05-04 20:02:26,794 - sensor_collector - INFO - Shutdown signal received. Exiting gracefully...
2025-05-04 20:02:27,015 - sensor_collector - INFO - Wrote final 4 records to CSV
2025-05-04 20:02:27,015 - sensor_collector - INFO - Data collection stopped
2025-05-04 20:05:49,937 - sensor_collector - INFO - Starting data collection. Writing to /home/fire/Downloads/plant_health_monitoring_system/Get-Data/Data.csv
2025-05-04 20:05:49,938 - sensor_collector - INFO - Collection interval: 5.0 seconds
2025-05-04 20:07:00,156 - sensor_collector - INFO - Wrote 15 records to CSV
2025-05-04 20:07:54,838 - sensor_collector - INFO - Starting data collection. Writing to /home/fire/Downloads/plant_health_monitoring_system/Get-Data/Data.csv
2025-05-04 20:07:54,839 - sensor_collector - INFO - Collection interval: 5.0 seconds
2025-05-04 20:08:11,705 - sensor_collector - INFO - Shutdown signal received. Exiting gracefully...
2025-05-04 20:08:11,769 - sensor_collector - INFO - Shutdown signal received. Exiting gracefully...
2025-05-04 20:08:14,893 - sensor_collector - INFO - Wrote final 4 records to CSV
2025-05-04 20:08:14,893 - sensor_collector - INFO - Data collection stopped
2025-05-04 20:08:50,633 - sensor_collector - INFO - Starting data collection. Writing to /home/fire/Downloads/plant_health_monitoring_system/Get-Data/Data.csv
2025-05-04 20:08:50,633 - sensor_collector - INFO - Collection interval: 5.0 seconds
2025-05-04 20:11:24,526 - sensor_collector - INFO - Starting data collection. Writing to /home/fire/Downloads/plant_health_monitoring_system/Get-Data/Data.csv
2025-05-04 20:11:24,526 - sensor_collector - INFO - Collection interval: 5.0 seconds
2025-05-04 20:12:11,967 - sensor_collector - INFO - Starting data collection. Writing to /home/fire/Downloads/plant_health_monitoring_system/Get-Data/Data.csv
2025-05-04 20:12:11,967 - sensor_collector - INFO - Collection interval: 5.0 seconds
2025-05-04 20:18:21,142 - sensor_collector - INFO - Starting data collection. Writing to /home/fire/Downloads/plant_health_monitoring_system/Get-Data/Data.csv
2025-05-04 20:18:21,142 - sensor_collector - INFO - Collection interval: 5.0 seconds
2025-05-04 20:18:49,423 - sensor_collector - INFO - Shutdown signal received. Exiting gracefully...
2025-05-04 20:18:49,487 - sensor_collector - INFO - Shutdown signal received. Exiting gracefully...
2025-05-04 20:18:51,256 - sensor_collector - INFO - Wrote final 6 records to CSV
2025-05-04 20:18:51,256 - sensor_collector - INFO - Data collection stopped
2025-05-04 20:21:32,359 - sensor_collector - INFO - Starting data collection. Writing to /home/fire/Downloads/plant_health_monitoring_system/Get-Data/Data.csv
2025-05-04 20:21:32,359 - sensor_collector - INFO - Collection interval: 5.0 seconds
2025-05-04 20:22:42,597 - sensor_collector - INFO - Wrote 15 records to CSV
2025-05-04 20:27:13,582 - sensor_collector - INFO - Starting data collection. Writing to /home/fire/Downloads/plant_health_monitoring_system/Get-Data/Data.csv
2025-05-04 20:27:13,582 - sensor_collector - INFO - Collection interval: 5.0 seconds
2025-05-04 20:28:23,794 - sensor_collector - INFO - Wrote 15 records to CSV
2025-05-04 20:28:42,183 - sensor_collector - INFO - Shutdown signal received. Exiting gracefully...
2025-05-04 20:28:42,297 - sensor_collector - INFO - Shutdown signal received. Exiting gracefully...
2025-05-04 20:28:43,826 - sensor_collector - INFO - Wrote final 3 records to CSV
2025-05-04 20:28:43,826 - sensor_collector - INFO - Data collection stopped
2025-05-04 20:31:23,163 - sensor_collector - INFO - Starting data collection. Writing to /home/fire/Downloads/plant_health_monitoring_system/Get-Data/Data.csv
2025-05-04 20:31:23,164 - sensor_collector - INFO - Collection interval: 5.0 seconds
2025-05-04 20:32:33,406 - sensor_collector - INFO - Wrote 15 records to CSV
