2025-05-04 17:45:48,818 - system_runner - INFO - Starting Django server...
2025-05-04 17:45:48,818 - system_runner - INFO - Django server started with PID: 21022
2025-05-04 17:45:50,818 - system_runner - INFO - Starting data collector...
2025-05-04 17:45:50,819 - system_runner - INFO - Data collector started with PID: 21046
2025-05-04 17:45:50,819 - system_runner - INFO - All system components started!
2025-05-04 17:45:50,819 - system_runner - INFO - Django server: Watching for file changes with StatReloader
2025-05-04 17:45:50,989 - system_runner - INFO - Data collector: 2025-05-04 16:45:50,989 - sensor_collector - INFO - Starting data collection. Writing to /home/fire/Downloads/plant_health_monitoring_system/Get-Data/Data.csv
2025-05-04 17:45:51,089 - system_runner - INFO - Django server: Performing system checks...
2025-05-04 17:45:51,090 - system_runner - INFO - Data collector: 2025-05-04 16:45:50,989 - sensor_collector - INFO - Collection interval: 5.0 seconds
2025-05-04 17:45:51,190 - system_runner - INFO - Django server: 
2025-05-04 17:46:11,103 - system_runner - INFO - Data collector: 2025-05-04 16:46:11,102 - sensor_collector - INFO - Wrote 5 records to CSV
2025-05-04 17:46:11,203 - system_runner - INFO - Django server: System check identified no issues (0 silenced).
2025-05-04 17:46:36,215 - system_runner - INFO - Data collector: 2025-05-04 16:46:36,215 - sensor_collector - INFO - Wrote 5 records to CSV
2025-05-04 17:46:36,315 - system_runner - INFO - Django server: May 04, 2025 - 16:45:49
2025-05-04 17:46:48,185 - system_runner - INFO - Shutdown signal received. Stopping all processes...
2025-05-04 17:46:48,185 - system_runner - INFO - Stopping Django server...
2025-05-04 17:46:48,249 - system_runner - INFO - Stopping Data collector...
2025-05-04 17:46:51,325 - system_runner - INFO - Data collector: 2025-05-04 16:46:48,185 - sensor_collector - INFO - Shutdown signal received. Exiting gracefully...
2025-05-04 17:46:51,425 - system_runner - INFO - System shutdown complete
2025-05-04 17:53:09,408 - system_runner - INFO - Starting Django server...
2025-05-04 17:53:09,409 - system_runner - INFO - Django server started with PID: 21917
2025-05-04 17:53:11,409 - system_runner - INFO - Starting data collector...
2025-05-04 17:53:11,410 - system_runner - INFO - Data collector started with PID: 21941
2025-05-04 17:53:11,410 - system_runner - INFO - All system components started!
2025-05-04 17:53:11,410 - system_runner - INFO - Django server: Watching for file changes with StatReloader
2025-05-04 17:53:11,573 - system_runner - INFO - Data collector: 2025-05-04 16:53:11,573 - sensor_collector - INFO - Starting data collection. Writing to /home/fire/Downloads/plant_health_monitoring_system/Get-Data/Data.csv
2025-05-04 17:53:11,674 - system_runner - INFO - Django server: Performing system checks...
2025-05-04 17:53:11,674 - system_runner - INFO - Data collector: 2025-05-04 16:53:11,573 - sensor_collector - INFO - Collection interval: 5.0 seconds
2025-05-04 17:53:11,774 - system_runner - INFO - Django server: 
2025-05-04 17:53:31,687 - system_runner - INFO - Data collector: 2025-05-04 16:53:31,687 - sensor_collector - INFO - Wrote 5 records to CSV
2025-05-04 17:53:31,787 - system_runner - INFO - Django server: System check identified no issues (0 silenced).
2025-05-04 17:53:56,803 - system_runner - INFO - Data collector: 2025-05-04 16:53:56,803 - sensor_collector - INFO - Wrote 5 records to CSV
2025-05-04 17:53:56,904 - system_runner - INFO - Django server: May 04, 2025 - 16:53:09
2025-05-04 17:54:00,094 - system_runner - INFO - Shutdown signal received. Stopping all processes...
2025-05-04 17:54:00,094 - system_runner - INFO - Stopping Django server...
2025-05-04 17:54:00,157 - system_runner - INFO - Stopping Data collector...
2025-05-04 17:54:01,874 - system_runner - INFO - Data collector: 2025-05-04 16:54:00,094 - sensor_collector - INFO - Shutdown signal received. Exiting gracefully...
2025-05-04 17:54:01,974 - system_runner - INFO - System shutdown complete
2025-05-04 18:02:08,929 - system_runner - INFO - Starting Django server...
2025-05-04 18:02:08,929 - system_runner - INFO - Django server started with PID: 22739
2025-05-04 18:02:10,929 - system_runner - INFO - Starting data collector...
2025-05-04 18:02:10,930 - system_runner - INFO - Data collector started with PID: 22763
2025-05-04 18:02:10,931 - system_runner - INFO - All system components started!
2025-05-04 18:02:10,931 - system_runner - INFO - Django server: Watching for file changes with StatReloader
2025-05-04 18:02:11,107 - system_runner - INFO - Data collector: 2025-05-04 17:02:11,107 - sensor_collector - INFO - Starting data collection. Writing to /home/fire/Downloads/plant_health_monitoring_system/Get-Data/Data.csv
2025-05-04 18:02:11,207 - system_runner - INFO - Django server: Performing system checks...
2025-05-04 18:02:11,207 - system_runner - INFO - Data collector: 2025-05-04 17:02:11,107 - sensor_collector - INFO - Collection interval: 5.0 seconds
2025-05-04 18:02:11,307 - system_runner - INFO - Django server: 
2025-05-04 18:02:31,224 - system_runner - INFO - Data collector: 2025-05-04 17:02:31,223 - sensor_collector - INFO - Wrote 5 records to CSV
2025-05-04 18:02:31,324 - system_runner - INFO - Django server: Exception in thread django-main-thread:
2025-05-04 18:02:56,335 - system_runner - INFO - Data collector: 2025-05-04 17:02:56,335 - sensor_collector - INFO - Wrote 5 records to CSV
2025-05-04 18:02:56,436 - system_runner - INFO - Django server: Traceback (most recent call last):
2025-05-04 18:03:21,444 - system_runner - INFO - Data collector: 2025-05-04 17:03:21,444 - sensor_collector - INFO - Wrote 5 records to CSV
2025-05-04 18:03:21,545 - system_runner - INFO - Django server: File "/usr/lib/python3.13/threading.py", line 1041, in _bootstrap_inner
2025-05-04 18:03:46,551 - system_runner - INFO - Data collector: 2025-05-04 17:03:46,551 - sensor_collector - INFO - Wrote 5 records to CSV
2025-05-04 18:03:46,651 - system_runner - INFO - Django server: self.run()
2025-05-04 18:08:15,217 - system_runner - INFO - Starting Django server...
2025-05-04 18:08:15,218 - system_runner - INFO - Django server started with PID: 23732
2025-05-04 18:08:17,218 - system_runner - INFO - Starting data collector...
2025-05-04 18:08:17,219 - system_runner - INFO - Data collector started with PID: 23756
2025-05-04 18:08:17,220 - system_runner - INFO - All system components started!
2025-05-04 18:08:17,220 - system_runner - INFO - Django server: Watching for file changes with StatReloader
2025-05-04 18:08:17,379 - system_runner - INFO - Data collector: 2025-05-04 17:08:17,379 - sensor_collector - INFO - Starting data collection. Writing to /home/fire/Downloads/plant_health_monitoring_system/Get-Data/Data.csv
2025-05-04 18:08:17,479 - system_runner - INFO - Django server: Performing system checks...
2025-05-04 18:08:17,480 - system_runner - INFO - Data collector: 2025-05-04 17:08:17,379 - sensor_collector - INFO - Collection interval: 5.0 seconds
2025-05-04 18:08:17,580 - system_runner - INFO - Django server: 
2025-05-04 18:08:37,488 - system_runner - INFO - Data collector: 2025-05-04 17:08:37,488 - sensor_collector - INFO - Wrote 5 records to CSV
2025-05-04 18:08:37,589 - system_runner - INFO - Django server: Exception in thread django-main-thread:
2025-05-04 18:11:59,704 - system_runner - INFO - Starting Django server...
2025-05-04 18:11:59,704 - system_runner - INFO - Django server started with PID: 24926
2025-05-04 18:12:01,705 - system_runner - INFO - Starting data collector...
2025-05-04 18:12:01,705 - system_runner - INFO - Data collector started with PID: 24950
2025-05-04 18:12:01,705 - system_runner - INFO - All system components started!
2025-05-04 18:12:01,705 - system_runner - INFO - Django server: Watching for file changes with StatReloader
2025-05-04 18:12:01,878 - system_runner - INFO - Data collector: 2025-05-04 17:12:01,877 - sensor_collector - INFO - Starting data collection. Writing to /home/fire/Downloads/plant_health_monitoring_system/Get-Data/Data.csv
2025-05-04 18:12:01,978 - system_runner - INFO - Django server: Performing system checks...
2025-05-04 18:12:01,978 - system_runner - INFO - Data collector: 2025-05-04 17:12:01,878 - sensor_collector - INFO - Collection interval: 5.0 seconds
2025-05-04 18:12:02,078 - system_runner - INFO - Django server: 
2025-05-04 18:12:27,741 - system_runner - INFO - Starting Django server...
2025-05-04 18:12:27,741 - system_runner - INFO - Django server started with PID: 25041
2025-05-04 18:12:29,742 - system_runner - INFO - Starting data collector...
2025-05-04 18:12:29,743 - system_runner - INFO - Data collector started with PID: 25065
2025-05-04 18:12:29,743 - system_runner - INFO - All system components started!
2025-05-04 18:12:29,743 - system_runner - INFO - Django server: Watching for file changes with StatReloader
2025-05-04 18:12:29,904 - system_runner - INFO - Data collector: 2025-05-04 17:12:29,904 - sensor_collector - INFO - Starting data collection. Writing to /home/fire/Downloads/plant_health_monitoring_system/Get-Data/Data.csv
2025-05-04 18:12:30,005 - system_runner - INFO - Django server: Performing system checks...
2025-05-04 18:12:30,005 - system_runner - INFO - Data collector: 2025-05-04 17:12:29,904 - sensor_collector - INFO - Collection interval: 5.0 seconds
2025-05-04 18:12:30,105 - system_runner - INFO - Django server: 
2025-05-04 18:12:50,021 - system_runner - INFO - Data collector: 2025-05-04 17:12:50,020 - sensor_collector - INFO - Wrote 5 records to CSV
2025-05-04 18:12:50,121 - system_runner - INFO - Django server: Exception in thread django-main-thread:
2025-05-04 18:16:14,703 - system_runner - INFO - Starting Django server...
2025-05-04 18:16:14,703 - system_runner - INFO - Django server started with PID: 25234
2025-05-04 18:16:16,703 - system_runner - INFO - Starting data collector...
2025-05-04 18:16:16,704 - system_runner - INFO - Data collector started with PID: 25258
2025-05-04 18:16:16,704 - system_runner - INFO - All system components started!
2025-05-04 18:16:16,704 - system_runner - INFO - Django server: Watching for file changes with StatReloader
2025-05-04 18:16:16,873 - system_runner - INFO - Data collector: 2025-05-04 17:16:16,872 - sensor_collector - INFO - Starting data collection. Writing to /home/fire/Downloads/plant_health_monitoring_system/Get-Data/Data.csv
2025-05-04 18:16:16,973 - system_runner - INFO - Django server: Performing system checks...
2025-05-04 18:16:16,973 - system_runner - INFO - Data collector: 2025-05-04 17:16:16,873 - sensor_collector - INFO - Collection interval: 5.0 seconds
2025-05-04 18:16:17,073 - system_runner - INFO - Django server: 
2025-05-04 18:16:36,990 - system_runner - INFO - Data collector: 2025-05-04 17:16:36,990 - sensor_collector - INFO - Wrote 5 records to CSV
2025-05-04 18:16:37,090 - system_runner - INFO - Django server: System check identified no issues (0 silenced).
2025-05-04 18:17:02,108 - system_runner - INFO - Data collector: 2025-05-04 17:17:02,108 - sensor_collector - INFO - Wrote 5 records to CSV
2025-05-04 18:17:02,208 - system_runner - INFO - Django server: May 04, 2025 - 17:16:15
2025-05-04 18:17:27,221 - system_runner - INFO - Data collector: 2025-05-04 17:17:27,220 - sensor_collector - INFO - Wrote 5 records to CSV
2025-05-04 18:17:27,321 - system_runner - INFO - Django server: Django version 5.2, using settings 'plant_health_monitoring_system.settings'
2025-05-04 18:20:30,101 - system_runner - INFO - Starting Django server...
2025-05-04 18:20:30,102 - system_runner - INFO - Django server started with PID: 25596
2025-05-04 18:20:32,102 - system_runner - INFO - Starting data collector...
2025-05-04 18:20:32,103 - system_runner - INFO - Data collector started with PID: 25620
2025-05-04 18:20:32,103 - system_runner - INFO - All system components started!
2025-05-04 18:20:32,103 - system_runner - INFO - Django server: Watching for file changes with StatReloader
2025-05-04 18:20:32,265 - system_runner - INFO - Data collector: 2025-05-04 17:20:32,265 - sensor_collector - INFO - Starting data collection. Writing to /home/fire/Downloads/plant_health_monitoring_system/Get-Data/Data.csv
2025-05-04 18:20:32,365 - system_runner - INFO - Django server: Performing system checks...
2025-05-04 18:20:32,366 - system_runner - INFO - Data collector: 2025-05-04 17:20:32,265 - sensor_collector - INFO - Collection interval: 5.0 seconds
2025-05-04 18:20:32,466 - system_runner - INFO - Django server: 
2025-05-04 18:20:52,381 - system_runner - INFO - Data collector: 2025-05-04 17:20:52,381 - sensor_collector - INFO - Wrote 5 records to CSV
2025-05-04 18:20:52,482 - system_runner - INFO - Django server: System check identified no issues (0 silenced).
2025-05-04 18:21:17,493 - system_runner - INFO - Data collector: 2025-05-04 17:21:17,493 - sensor_collector - INFO - Wrote 5 records to CSV
2025-05-04 18:21:17,593 - system_runner - INFO - Django server: May 04, 2025 - 17:20:30
2025-05-04 18:21:42,607 - system_runner - INFO - Data collector: 2025-05-04 17:21:42,607 - sensor_collector - INFO - Wrote 5 records to CSV
2025-05-04 18:21:42,708 - system_runner - INFO - Django server: Django version 5.2, using settings 'plant_health_monitoring_system.settings'
2025-05-04 18:23:29,047 - system_runner - INFO - Starting Django server...
2025-05-04 18:23:29,047 - system_runner - INFO - Django server started with PID: 25872
2025-05-04 18:23:31,047 - system_runner - INFO - Starting data collector...
2025-05-04 18:23:31,049 - system_runner - INFO - Data collector started with PID: 25896
2025-05-04 18:23:31,049 - system_runner - INFO - All system components started!
2025-05-04 18:23:31,049 - system_runner - INFO - Django server: Watching for file changes with StatReloader
2025-05-04 18:23:31,233 - system_runner - INFO - Data collector: 2025-05-04 17:23:31,233 - sensor_collector - INFO - Starting data collection. Writing to /home/fire/Downloads/plant_health_monitoring_system/Get-Data/Data.csv
2025-05-04 18:23:31,334 - system_runner - INFO - Django server: Performing system checks...
2025-05-04 18:23:31,334 - system_runner - INFO - Data collector: 2025-05-04 17:23:31,233 - sensor_collector - INFO - Collection interval: 5.0 seconds
2025-05-04 18:23:31,435 - system_runner - INFO - Django server: 
2025-05-04 18:23:51,356 - system_runner - INFO - Data collector: 2025-05-04 17:23:51,355 - sensor_collector - INFO - Wrote 5 records to CSV
2025-05-04 18:23:51,456 - system_runner - INFO - Django server: System check identified no issues (0 silenced).
2025-05-04 18:24:16,471 - system_runner - INFO - Data collector: 2025-05-04 17:24:16,471 - sensor_collector - INFO - Wrote 5 records to CSV
2025-05-04 18:24:16,571 - system_runner - INFO - Django server: May 04, 2025 - 17:23:29
2025-05-04 18:33:41,371 - system_runner - INFO - Starting Django server...
2025-05-04 18:33:41,371 - system_runner - INFO - Django server started with PID: 29031
2025-05-04 18:33:43,372 - system_runner - INFO - Starting data collector...
2025-05-04 18:33:43,373 - system_runner - INFO - Data collector started with PID: 29055
2025-05-04 18:33:43,373 - system_runner - INFO - All system components started!
2025-05-04 18:33:43,373 - system_runner - INFO - Django server: Watching for file changes with StatReloader
2025-05-04 18:33:43,533 - system_runner - INFO - Data collector: 2025-05-04 17:33:43,532 - sensor_collector - INFO - Starting data collection. Writing to /home/fire/Downloads/plant_health_monitoring_system/Get-Data/Data.csv
2025-05-04 18:33:43,633 - system_runner - INFO - Django server: Performing system checks...
2025-05-04 18:33:43,633 - system_runner - INFO - Data collector: 2025-05-04 17:33:43,532 - sensor_collector - INFO - Collection interval: 5.0 seconds
2025-05-04 18:33:43,734 - system_runner - INFO - Django server: 
2025-05-04 18:34:03,634 - system_runner - INFO - Data collector: 2025-05-04 17:34:03,634 - sensor_collector - INFO - Wrote 5 records to CSV
2025-05-04 18:34:03,734 - system_runner - INFO - Django server: System check identified no issues (0 silenced).
2025-05-04 18:34:28,748 - system_runner - INFO - Data collector: 2025-05-04 17:34:28,748 - sensor_collector - INFO - Wrote 5 records to CSV
2025-05-04 18:34:28,848 - system_runner - INFO - Django server: May 04, 2025 - 17:33:41
2025-05-04 18:34:45,930 - system_runner - INFO - Starting Django server...
2025-05-04 18:34:45,930 - system_runner - INFO - Django server started with PID: 29289
2025-05-04 18:34:47,931 - system_runner - INFO - Starting data collector...
2025-05-04 18:34:47,932 - system_runner - INFO - Data collector started with PID: 29313
2025-05-04 18:34:47,932 - system_runner - INFO - All system components started!
2025-05-04 18:34:47,932 - system_runner - INFO - Django server: Watching for file changes with StatReloader
2025-05-04 18:34:48,096 - system_runner - INFO - Data collector: 2025-05-04 17:34:48,096 - sensor_collector - INFO - Starting data collection. Writing to /home/fire/Downloads/plant_health_monitoring_system/Get-Data/Data.csv
2025-05-04 18:34:48,196 - system_runner - INFO - Django server: Performing system checks...
2025-05-04 18:34:48,197 - system_runner - INFO - Data collector: 2025-05-04 17:34:48,096 - sensor_collector - INFO - Collection interval: 5.0 seconds
2025-05-04 18:34:48,297 - system_runner - INFO - Django server: 
2025-05-04 18:36:24,348 - system_runner - INFO - Starting Django server...
2025-05-04 18:36:24,349 - system_runner - INFO - Django server started with PID: 30108
2025-05-04 18:36:26,349 - system_runner - INFO - Starting data collector...
2025-05-04 18:36:26,349 - system_runner - INFO - Data collector started with PID: 30149
2025-05-04 18:36:26,350 - system_runner - INFO - All system components started!
2025-05-04 18:36:26,350 - system_runner - INFO - Django server: Watching for file changes with StatReloader
2025-05-04 18:36:26,523 - system_runner - INFO - Data collector: 2025-05-04 17:36:26,522 - sensor_collector - INFO - Starting data collection. Writing to /home/fire/Downloads/plant_health_monitoring_system/Get-Data/Data.csv
2025-05-04 18:36:26,623 - system_runner - INFO - Django server: Performing system checks...
2025-05-04 18:36:26,623 - system_runner - INFO - Data collector: 2025-05-04 17:36:26,523 - sensor_collector - INFO - Collection interval: 5.0 seconds
2025-05-04 18:36:26,723 - system_runner - INFO - Django server: 
2025-05-04 18:36:46,634 - system_runner - INFO - Data collector: 2025-05-04 17:36:46,633 - sensor_collector - INFO - Wrote 5 records to CSV
2025-05-04 18:36:46,734 - system_runner - INFO - Django server: System check identified no issues (0 silenced).
2025-05-04 18:42:00,171 - system_runner - INFO - Starting Django server...
2025-05-04 18:42:00,171 - system_runner - INFO - Django server started with PID: 73935
2025-05-04 18:42:02,171 - system_runner - INFO - Starting data collector...
2025-05-04 18:42:02,172 - system_runner - INFO - Data collector started with PID: 73959
2025-05-04 18:42:02,172 - system_runner - INFO - All system components started!
2025-05-04 18:42:02,172 - system_runner - INFO - Django server: Watching for file changes with StatReloader
2025-05-04 18:42:02,333 - system_runner - INFO - Data collector: 2025-05-04 17:42:02,333 - sensor_collector - INFO - Starting data collection. Writing to /home/fire/Downloads/plant_health_monitoring_system/Get-Data/Data.csv
2025-05-04 18:42:02,433 - system_runner - INFO - Django server: Performing system checks...
2025-05-04 18:42:02,433 - system_runner - INFO - Data collector: 2025-05-04 17:42:02,333 - sensor_collector - INFO - Collection interval: 5.0 seconds
2025-05-04 18:42:02,534 - system_runner - INFO - Django server: 
2025-05-04 18:46:42,688 - system_runner - INFO - Starting Django server...
2025-05-04 18:46:42,688 - system_runner - INFO - Django server started with PID: 75437
2025-05-04 18:46:44,689 - system_runner - INFO - Starting data collector...
2025-05-04 18:46:44,689 - system_runner - INFO - Data collector started with PID: 75461
2025-05-04 18:46:44,689 - system_runner - INFO - All system components started!
2025-05-04 18:46:44,689 - system_runner - INFO - Django server: Watching for file changes with StatReloader
2025-05-04 18:46:44,851 - system_runner - INFO - Data collector: 2025-05-04 17:46:44,850 - sensor_collector - INFO - Starting data collection. Writing to /home/fire/Downloads/plant_health_monitoring_system/Get-Data/Data.csv
2025-05-04 18:46:44,951 - system_runner - INFO - Django server: Performing system checks...
2025-05-04 18:46:44,951 - system_runner - INFO - Data collector: 2025-05-04 17:46:44,850 - sensor_collector - INFO - Collection interval: 5.0 seconds
2025-05-04 18:46:45,052 - system_runner - INFO - Django server: 
2025-05-04 18:47:04,955 - system_runner - INFO - Data collector: 2025-05-04 17:47:04,955 - sensor_collector - INFO - Wrote 5 records to CSV
2025-05-04 18:47:05,055 - system_runner - INFO - Django server: System check identified no issues (0 silenced).
2025-05-04 18:48:25,573 - system_runner - INFO - Starting Django server...
2025-05-04 18:48:25,573 - system_runner - INFO - Django server started with PID: 76082
2025-05-04 18:48:27,573 - system_runner - INFO - Starting data collector...
2025-05-04 18:48:27,574 - system_runner - INFO - Data collector started with PID: 76094
2025-05-04 18:48:27,574 - system_runner - INFO - All system components started!
2025-05-04 18:48:27,574 - system_runner - INFO - Django server: Watching for file changes with StatReloader
2025-05-04 18:48:27,750 - system_runner - INFO - Data collector: 2025-05-04 17:48:27,750 - sensor_collector - INFO - Starting data collection. Writing to /home/fire/Downloads/plant_health_monitoring_system/Get-Data/Data.csv
2025-05-04 18:48:32,081 - system_runner - INFO - Django server: [04/May/2025 17:48:32] "GET /dashboard/ HTTP/1.1" 200 29607
2025-05-04 18:48:32,081 - system_runner - INFO - Data collector: 2025-05-04 17:48:27,750 - sensor_collector - INFO - Collection interval: 5.0 seconds
2025-05-04 18:48:32,581 - system_runner - INFO - Django server: [04/May/2025 17:48:32] "GET /api/latest-data/ HTTP/1.1" 200 1976
2025-05-04 18:48:47,860 - system_runner - INFO - Data collector: 2025-05-04 17:48:47,860 - sensor_collector - INFO - Wrote 5 records to CSV
2025-05-04 18:48:47,961 - system_runner - INFO - Django server: [04/May/2025 17:48:37] "GET /api/latest-data/ HTTP/1.1" 200 1979
2025-05-04 18:49:04,122 - system_runner - INFO - Shutdown signal received. Stopping all processes...
2025-05-04 18:49:04,123 - system_runner - INFO - Stopping Django server...
2025-05-04 18:49:04,186 - system_runner - INFO - Stopping Data collector...
2025-05-04 18:49:08,007 - system_runner - INFO - Data collector: 2025-05-04 17:49:04,122 - sensor_collector - INFO - Shutdown signal received. Exiting gracefully...
2025-05-04 18:49:08,043 - system_runner - INFO - Shutdown signal received. Stopping all processes...
2025-05-04 18:49:08,107 - system_runner - INFO - System shutdown complete
2025-05-04 18:51:05,391 - system_runner - INFO - Starting Django server...
2025-05-04 18:51:05,391 - system_runner - INFO - Django server started with PID: 76358
2025-05-04 18:51:07,391 - system_runner - INFO - Starting data collector...
2025-05-04 18:51:07,392 - system_runner - INFO - Data collector started with PID: 76372
2025-05-04 18:51:07,392 - system_runner - INFO - All system components started!
2025-05-04 18:51:07,392 - system_runner - INFO - Django server: Watching for file changes with StatReloader
2025-05-04 18:51:07,565 - system_runner - INFO - Data collector: 2025-05-04 17:51:07,564 - sensor_collector - INFO - Starting data collection. Writing to /home/fire/Downloads/plant_health_monitoring_system/Get-Data/Data.csv
2025-05-04 18:51:07,665 - system_runner - INFO - Django server: Performing system checks...
2025-05-04 18:51:07,665 - system_runner - INFO - Data collector: 2025-05-04 17:51:07,565 - sensor_collector - INFO - Collection interval: 5.0 seconds
2025-05-04 18:51:07,765 - system_runner - INFO - Django server: 
2025-05-04 18:51:27,671 - system_runner - INFO - Data collector: 2025-05-04 17:51:27,671 - sensor_collector - INFO - Wrote 5 records to CSV
2025-05-04 18:51:27,771 - system_runner - INFO - Django server: System check identified no issues (0 silenced).
2025-05-04 18:52:54,056 - system_runner - INFO - Starting Django server...
2025-05-04 18:52:54,056 - system_runner - INFO - Django server started with PID: 76525
2025-05-04 18:52:56,056 - system_runner - INFO - Starting data collector...
2025-05-04 18:52:56,056 - system_runner - INFO - Data collector started with PID: 76549
2025-05-04 18:52:56,056 - system_runner - INFO - All system components started!
2025-05-04 18:52:56,057 - system_runner - INFO - Django server: Watching for file changes with StatReloader
2025-05-04 18:52:56,221 - system_runner - INFO - Data collector: 2025-05-04 17:52:56,221 - sensor_collector - INFO - Starting data collection. Writing to /home/fire/Downloads/plant_health_monitoring_system/Get-Data/Data.csv
2025-05-04 18:52:56,321 - system_runner - INFO - Django server: Performing system checks...
2025-05-04 18:52:56,322 - system_runner - INFO - Data collector: 2025-05-04 17:52:56,221 - sensor_collector - INFO - Collection interval: 5.0 seconds
2025-05-04 18:52:56,422 - system_runner - INFO - Django server: 
2025-05-04 18:53:16,328 - system_runner - INFO - Data collector: 2025-05-04 17:53:16,328 - sensor_collector - INFO - Wrote 5 records to CSV
2025-05-04 18:53:16,429 - system_runner - INFO - Django server: System check identified no issues (0 silenced).
2025-05-04 19:00:49,124 - system_runner - INFO - Starting Django server...
2025-05-04 19:00:49,124 - system_runner - INFO - Django server started with PID: 76800
2025-05-04 19:00:51,124 - system_runner - INFO - Starting data collector...
2025-05-04 19:00:51,125 - system_runner - INFO - Data collector started with PID: 76824
2025-05-04 19:00:51,125 - system_runner - INFO - All system components started!
2025-05-04 19:00:51,126 - system_runner - INFO - Django server: Watching for file changes with StatReloader
2025-05-04 19:00:51,290 - system_runner - INFO - Data collector: 2025-05-04 18:00:51,290 - sensor_collector - INFO - Starting data collection. Writing to /home/fire/Downloads/plant_health_monitoring_system/Get-Data/Data.csv
2025-05-04 19:00:51,391 - system_runner - INFO - Django server: Performing system checks...
2025-05-04 19:00:51,391 - system_runner - INFO - Data collector: 2025-05-04 18:00:51,290 - sensor_collector - INFO - Collection interval: 5.0 seconds
2025-05-04 19:00:51,491 - system_runner - INFO - Django server: 
2025-05-04 19:01:11,414 - system_runner - INFO - Data collector: 2025-05-04 18:01:11,414 - sensor_collector - INFO - Wrote 5 records to CSV
2025-05-04 19:01:11,514 - system_runner - INFO - Django server: System check identified no issues (0 silenced).
2025-05-04 19:01:36,531 - system_runner - INFO - Data collector: 2025-05-04 18:01:36,530 - sensor_collector - INFO - Wrote 5 records to CSV
2025-05-04 19:01:36,631 - system_runner - INFO - Django server: May 04, 2025 - 18:00:49
2025-05-04 19:02:55,234 - system_runner - INFO - Starting Django server...
2025-05-04 19:02:55,234 - system_runner - INFO - Django server started with PID: 77098
2025-05-04 19:02:57,235 - system_runner - INFO - Starting data collector...
2025-05-04 19:02:57,235 - system_runner - INFO - Data collector started with PID: 77122
2025-05-04 19:02:57,235 - system_runner - INFO - All system components started!
2025-05-04 19:02:57,236 - system_runner - INFO - Django server: Watching for file changes with StatReloader
2025-05-04 19:02:57,399 - system_runner - INFO - Data collector: 2025-05-04 18:02:57,399 - sensor_collector - INFO - Starting data collection. Writing to /home/fire/Downloads/plant_health_monitoring_system/Get-Data/Data.csv
2025-05-04 19:02:57,499 - system_runner - INFO - Django server: Performing system checks...
2025-05-04 19:02:57,499 - system_runner - INFO - Data collector: 2025-05-04 18:02:57,399 - sensor_collector - INFO - Collection interval: 5.0 seconds
2025-05-04 19:02:57,600 - system_runner - INFO - Django server: 
2025-05-04 19:03:17,501 - system_runner - INFO - Data collector: 2025-05-04 18:03:17,501 - sensor_collector - INFO - Wrote 5 records to CSV
2025-05-04 19:03:17,601 - system_runner - INFO - Django server: System check identified no issues (0 silenced).
2025-05-04 19:03:42,614 - system_runner - INFO - Data collector: 2025-05-04 18:03:42,614 - sensor_collector - INFO - Wrote 5 records to CSV
2025-05-04 19:03:42,714 - system_runner - INFO - Django server: May 04, 2025 - 18:02:55
2025-05-04 19:04:07,734 - system_runner - INFO - Data collector: 2025-05-04 18:04:07,734 - sensor_collector - INFO - Wrote 5 records to CSV
2025-05-04 19:04:07,835 - system_runner - INFO - Django server: Django version 5.2, using settings 'plant_health_monitoring_system.settings'
2025-05-04 19:04:28,414 - system_runner - INFO - Starting Django server...
2025-05-04 19:04:28,414 - system_runner - INFO - Django server started with PID: 77390
2025-05-04 19:04:30,414 - system_runner - INFO - Starting data collector...
2025-05-04 19:04:30,416 - system_runner - INFO - Data collector started with PID: 77414
2025-05-04 19:04:30,416 - system_runner - INFO - All system components started!
2025-05-04 19:04:30,416 - system_runner - INFO - Django server: Watching for file changes with StatReloader
2025-05-04 19:04:30,579 - system_runner - INFO - Data collector: 2025-05-04 18:04:30,579 - sensor_collector - INFO - Starting data collection. Writing to /home/fire/Downloads/plant_health_monitoring_system/Get-Data/Data.csv
2025-05-04 19:04:30,680 - system_runner - INFO - Django server: Performing system checks...
2025-05-04 19:04:30,680 - system_runner - INFO - Data collector: 2025-05-04 18:04:30,579 - sensor_collector - INFO - Collection interval: 5.0 seconds
2025-05-04 19:04:30,780 - system_runner - INFO - Django server: 
2025-05-04 19:04:50,669 - system_runner - INFO - Data collector: 2025-05-04 18:04:50,669 - sensor_collector - INFO - Updating collection interval from 5.0 to 1.0 seconds
2025-05-04 19:04:50,770 - system_runner - INFO - Django server: System check identified no issues (0 silenced).
2025-05-04 19:04:50,770 - system_runner - INFO - Data collector: 2025-05-04 18:04:50,691 - sensor_collector - INFO - Wrote 5 records to CSV
2025-05-04 19:04:50,870 - system_runner - INFO - Django server: May 04, 2025 - 18:04:28
2025-05-04 19:04:55,809 - system_runner - INFO - Data collector: 2025-05-04 18:04:55,809 - sensor_collector - INFO - Wrote 5 records to CSV
2025-05-04 19:04:55,909 - system_runner - INFO - Django server: Django version 5.2, using settings 'plant_health_monitoring_system.settings'
2025-05-04 19:04:58,852 - system_runner - INFO - Data collector: 2025-05-04 18:04:58,852 - sensor_collector - INFO - Updating collection interval from 1.0 to 5.0 seconds
2025-05-04 19:04:58,952 - system_runner - INFO - Django server: Starting development server at http://0.0.0.0:8000/
2025-05-04 19:06:33,494 - system_runner - INFO - Starting Django server...
2025-05-04 19:06:33,494 - system_runner - INFO - Django server started with PID: 77705
2025-05-04 19:06:35,494 - system_runner - INFO - Starting data collector...
2025-05-04 19:06:35,495 - system_runner - INFO - Data collector started with PID: 77729
2025-05-04 19:06:35,495 - system_runner - INFO - All system components started!
2025-05-04 19:06:35,495 - system_runner - INFO - Django server: Watching for file changes with StatReloader
2025-05-04 19:06:35,654 - system_runner - INFO - Data collector: 2025-05-04 18:06:35,654 - sensor_collector - INFO - Starting data collection. Writing to /home/fire/Downloads/plant_health_monitoring_system/Get-Data/Data.csv
2025-05-04 19:06:35,755 - system_runner - INFO - Django server: Performing system checks...
2025-05-04 19:06:35,755 - system_runner - INFO - Data collector: 2025-05-04 18:06:35,654 - sensor_collector - INFO - Collection interval: 5.0 seconds
2025-05-04 19:06:35,855 - system_runner - INFO - Django server: 
2025-05-04 19:06:45,691 - system_runner - INFO - Data collector: 2025-05-04 18:06:45,691 - sensor_collector - INFO - Updating collection interval from 5.0 to 1.5 seconds
2025-05-04 19:06:45,791 - system_runner - INFO - Django server: System check identified no issues (0 silenced).
2025-05-04 19:06:48,759 - system_runner - INFO - Data collector: 2025-05-04 18:06:48,759 - sensor_collector - INFO - Wrote 5 records to CSV
2025-05-04 19:06:48,859 - system_runner - INFO - Django server: May 04, 2025 - 18:06:33
2025-05-04 19:06:56,368 - system_runner - INFO - Data collector: 2025-05-04 18:06:56,368 - sensor_collector - INFO - Wrote 5 records to CSV
2025-05-04 19:06:56,468 - system_runner - INFO - Django server: Django version 5.2, using settings 'plant_health_monitoring_system.settings'
2025-05-04 19:07:00,915 - system_runner - INFO - Data collector: 2025-05-04 18:07:00,915 - sensor_collector - INFO - Updating collection interval from 1.5 to 0.5 seconds
2025-05-04 19:07:01,016 - system_runner - INFO - Django server: Starting development server at http://0.0.0.0:8000/
2025-05-04 19:07:01,979 - system_runner - INFO - Data collector: 2025-05-04 18:07:01,979 - sensor_collector - INFO - Wrote 5 records to CSV
2025-05-04 19:07:02,080 - system_runner - INFO - Django server: Quit the server with CONTROL-C.
2025-05-04 19:07:04,594 - system_runner - INFO - Data collector: 2025-05-04 18:07:04,593 - sensor_collector - INFO - Wrote 5 records to CSV
2025-05-04 19:07:04,694 - system_runner - INFO - Django server: 
2025-05-04 19:07:07,203 - system_runner - INFO - Data collector: 2025-05-04 18:07:07,203 - sensor_collector - INFO - Wrote 5 records to CSV
2025-05-04 19:07:07,303 - system_runner - INFO - Django server: WARNING: This is a development server. Do not use it in a production setting. Use a production WSGI or ASGI server instead.
2025-05-04 19:07:09,812 - system_runner - INFO - Data collector: 2025-05-04 18:07:09,811 - sensor_collector - INFO - Wrote 5 records to CSV
2025-05-04 19:07:09,912 - system_runner - INFO - Django server: For more information on production servers see: https://docs.djangoproject.com/en/5.2/howto/deployment/
2025-05-04 19:07:12,410 - system_runner - INFO - Data collector: 2025-05-04 18:07:12,410 - sensor_collector - INFO - Wrote 5 records to CSV
2025-05-04 19:07:12,510 - system_runner - INFO - Django server: [04/May/2025 18:06:40] "GET /dashboard/ HTTP/1.1" 200 36988
2025-05-04 19:07:15,021 - system_runner - INFO - Data collector: 2025-05-04 18:07:15,021 - sensor_collector - INFO - Wrote 5 records to CSV
2025-05-04 19:07:15,122 - system_runner - INFO - Django server: [04/May/2025 18:06:40] "GET /api/latest-data/ HTTP/1.1" 200 1972
2025-05-04 19:12:46,135 - system_runner - INFO - Starting Django server...
2025-05-04 19:12:46,136 - system_runner - INFO - Django server started with PID: 80583
2025-05-04 19:12:48,136 - system_runner - INFO - Starting data collector...
2025-05-04 19:12:48,136 - system_runner - INFO - Data collector started with PID: 80611
2025-05-04 19:12:48,137 - system_runner - INFO - All system components started!
2025-05-04 19:12:48,137 - system_runner - INFO - Django server: Watching for file changes with StatReloader
2025-05-04 19:12:48,305 - system_runner - INFO - Data collector: 2025-05-04 18:12:48,305 - sensor_collector - INFO - Starting data collection. Writing to /home/fire/Downloads/plant_health_monitoring_system/Get-Data/Data.csv
2025-05-04 19:12:48,406 - system_runner - INFO - Django server: Performing system checks...
2025-05-04 19:12:48,406 - system_runner - INFO - Data collector: 2025-05-04 18:12:48,305 - sensor_collector - INFO - Collection interval: 5.0 seconds
2025-05-04 19:12:48,506 - system_runner - INFO - Django server: 
2025-05-04 19:13:08,425 - system_runner - INFO - Data collector: 2025-05-04 18:13:08,424 - sensor_collector - INFO - Wrote 5 records to CSV
2025-05-04 19:13:08,525 - system_runner - INFO - Django server: System check identified no issues (0 silenced).
2025-05-04 19:15:53,000 - system_runner - INFO - Starting Django server...
2025-05-04 19:15:53,000 - system_runner - INFO - Django server started with PID: 81226
2025-05-04 19:15:55,001 - system_runner - INFO - Starting data collector...
2025-05-04 19:15:55,002 - system_runner - INFO - Data collector started with PID: 81250
2025-05-04 19:15:55,002 - system_runner - INFO - All system components started!
2025-05-04 19:15:55,002 - system_runner - INFO - Django server: Watching for file changes with StatReloader
2025-05-04 19:15:55,168 - system_runner - INFO - Data collector: 2025-05-04 18:15:55,168 - sensor_collector - INFO - Starting data collection. Writing to /home/fire/Downloads/plant_health_monitoring_system/Get-Data/Data.csv
2025-05-04 19:15:55,269 - system_runner - INFO - Django server: Performing system checks...
2025-05-04 19:15:55,269 - system_runner - INFO - Data collector: 2025-05-04 18:15:55,168 - sensor_collector - INFO - Collection interval: 5.0 seconds
2025-05-04 19:15:55,369 - system_runner - INFO - Django server: 
2025-05-04 19:16:15,276 - system_runner - INFO - Data collector: 2025-05-04 18:16:15,276 - sensor_collector - INFO - Wrote 5 records to CSV
2025-05-04 19:16:15,377 - system_runner - INFO - Django server: System check identified no issues (0 silenced).
2025-05-04 19:18:57,271 - system_runner - INFO - Starting Django server...
2025-05-04 19:18:57,271 - system_runner - INFO - Django server started with PID: 81418
2025-05-04 19:18:59,272 - system_runner - INFO - Starting data collector...
2025-05-04 19:18:59,272 - system_runner - INFO - Data collector started with PID: 81444
2025-05-04 19:18:59,272 - system_runner - INFO - All system components started!
2025-05-04 19:18:59,272 - system_runner - INFO - Django server: Watching for file changes with StatReloader
2025-05-04 19:18:59,450 - system_runner - INFO - Data collector: 2025-05-04 18:18:59,450 - sensor_collector - INFO - Starting data collection. Writing to /home/fire/Downloads/plant_health_monitoring_system/Get-Data/Data.csv
2025-05-04 19:18:59,550 - system_runner - INFO - Django server: Performing system checks...
2025-05-04 19:18:59,550 - system_runner - INFO - Data collector: 2025-05-04 18:18:59,450 - sensor_collector - INFO - Collection interval: 5.0 seconds
2025-05-04 19:18:59,651 - system_runner - INFO - Django server: 
2025-05-04 19:19:19,569 - system_runner - INFO - Data collector: 2025-05-04 18:19:19,569 - sensor_collector - INFO - Wrote 5 records to CSV
2025-05-04 19:19:19,669 - system_runner - INFO - Django server: System check identified no issues (0 silenced).
2025-05-04 19:21:56,212 - system_runner - INFO - Starting Django server...
2025-05-04 19:21:56,212 - system_runner - INFO - Django server started with PID: 81625
2025-05-04 19:21:58,212 - system_runner - INFO - Starting data collector...
2025-05-04 19:21:58,213 - system_runner - INFO - Data collector started with PID: 81649
2025-05-04 19:21:58,213 - system_runner - INFO - All system components started!
2025-05-04 19:21:58,213 - system_runner - INFO - Django server: Watching for file changes with StatReloader
2025-05-04 19:21:58,372 - system_runner - INFO - Data collector: 2025-05-04 18:21:58,371 - sensor_collector - INFO - Starting data collection. Writing to /home/fire/Downloads/plant_health_monitoring_system/Get-Data/Data.csv
2025-05-04 19:21:58,472 - system_runner - INFO - Django server: Performing system checks...
2025-05-04 19:21:58,472 - system_runner - INFO - Data collector: 2025-05-04 18:21:58,371 - sensor_collector - INFO - Collection interval: 5.0 seconds
2025-05-04 19:21:58,572 - system_runner - INFO - Django server: 
2025-05-04 19:22:18,485 - system_runner - INFO - Data collector: 2025-05-04 18:22:18,485 - sensor_collector - INFO - Wrote 5 records to CSV
2025-05-04 19:22:18,586 - system_runner - INFO - Django server: System check identified no issues (0 silenced).
2025-05-04 19:22:43,613 - system_runner - INFO - Data collector: 2025-05-04 18:22:43,613 - sensor_collector - INFO - Wrote 5 records to CSV
2025-05-04 19:22:43,714 - system_runner - INFO - Django server: May 04, 2025 - 18:21:56
2025-05-04 19:26:10,412 - system_runner - INFO - Starting Django server...
2025-05-04 19:26:10,413 - system_runner - INFO - Django server started with PID: 82245
2025-05-04 19:26:12,413 - system_runner - INFO - Starting data collector...
2025-05-04 19:26:12,413 - system_runner - INFO - Data collector started with PID: 82269
2025-05-04 19:26:12,413 - system_runner - INFO - All system components started!
2025-05-04 19:26:12,414 - system_runner - INFO - Django server: Watching for file changes with StatReloader
2025-05-04 19:26:12,576 - system_runner - INFO - Data collector: 2025-05-04 18:26:12,575 - sensor_collector - INFO - Starting data collection. Writing to /home/fire/Downloads/plant_health_monitoring_system/Get-Data/Data.csv
2025-05-04 19:26:12,676 - system_runner - INFO - Django server: Performing system checks...
2025-05-04 19:26:12,676 - system_runner - INFO - Data collector: 2025-05-04 18:26:12,575 - sensor_collector - INFO - Collection interval: 5.0 seconds
2025-05-04 19:26:12,777 - system_runner - INFO - Django server: 
2025-05-04 19:26:32,683 - system_runner - INFO - Data collector: 2025-05-04 18:26:32,683 - sensor_collector - INFO - Wrote 5 records to CSV
2025-05-04 19:26:32,783 - system_runner - INFO - Django server: System check identified no issues (0 silenced).
2025-05-04 19:26:57,790 - system_runner - INFO - Data collector: 2025-05-04 18:26:57,789 - sensor_collector - INFO - Wrote 5 records to CSV
2025-05-04 19:26:57,890 - system_runner - INFO - Django server: May 04, 2025 - 18:26:10
2025-05-04 19:27:22,906 - system_runner - INFO - Data collector: 2025-05-04 18:27:22,906 - sensor_collector - INFO - Wrote 5 records to CSV
2025-05-04 19:27:23,006 - system_runner - INFO - Django server: Django version 5.2, using settings 'plant_health_monitoring_system.settings'
2025-05-04 19:27:48,011 - system_runner - INFO - Data collector: 2025-05-04 18:27:48,011 - sensor_collector - INFO - Wrote 5 records to CSV
2025-05-04 19:27:48,112 - system_runner - INFO - Django server: Starting development server at http://0.0.0.0:8000/
2025-05-04 19:30:04,336 - system_runner - INFO - Starting Django server...
2025-05-04 19:30:04,336 - system_runner - INFO - Django server started with PID: 82795
2025-05-04 19:30:06,336 - system_runner - INFO - Starting data collector...
2025-05-04 19:30:06,337 - system_runner - INFO - Data collector started with PID: 82821
2025-05-04 19:30:06,337 - system_runner - INFO - All system components started!
2025-05-04 19:30:06,337 - system_runner - INFO - Django server: Watching for file changes with StatReloader
2025-05-04 19:30:06,503 - system_runner - INFO - Data collector: 2025-05-04 19:30:06,503 - sensor_collector - INFO - Starting data collection. Writing to /home/fire/Downloads/plant_health_monitoring_system/Get-Data/Data.csv
2025-05-04 19:30:06,604 - system_runner - INFO - Django server: Performing system checks...
2025-05-04 19:30:06,604 - system_runner - INFO - Data collector: 2025-05-04 19:30:06,503 - sensor_collector - INFO - Collection interval: 5.0 seconds
2025-05-04 19:30:06,704 - system_runner - INFO - Django server: 
2025-05-04 19:30:26,604 - system_runner - INFO - Data collector: 2025-05-04 19:30:26,604 - sensor_collector - INFO - Wrote 5 records to CSV
2025-05-04 19:30:26,704 - system_runner - INFO - Django server: System check identified no issues (0 silenced).
2025-05-04 19:30:51,702 - system_runner - INFO - Data collector: 2025-05-04 19:30:51,702 - sensor_collector - INFO - Wrote 5 records to CSV
2025-05-04 19:30:51,802 - system_runner - INFO - Django server: May 04, 2025 - 19:30:04
2025-05-04 19:32:39,171 - system_runner - INFO - Starting Django server...
2025-05-04 19:32:39,171 - system_runner - INFO - Django server started with PID: 83058
2025-05-04 19:32:41,171 - system_runner - INFO - Starting data collector...
2025-05-04 19:32:41,172 - system_runner - INFO - Data collector started with PID: 83091
2025-05-04 19:32:41,172 - system_runner - INFO - All system components started!
2025-05-04 19:32:41,172 - system_runner - INFO - Django server: Watching for file changes with StatReloader
2025-05-04 19:32:41,330 - system_runner - INFO - Data collector: 2025-05-04 19:32:41,330 - sensor_collector - INFO - Starting data collection. Writing to /home/fire/Downloads/plant_health_monitoring_system/Get-Data/Data.csv
2025-05-04 19:32:41,430 - system_runner - INFO - Django server: Performing system checks...
2025-05-04 19:32:41,431 - system_runner - INFO - Data collector: 2025-05-04 19:32:41,330 - sensor_collector - INFO - Collection interval: 5.0 seconds
2025-05-04 19:32:41,531 - system_runner - INFO - Django server: 
2025-05-04 19:33:01,434 - system_runner - INFO - Data collector: 2025-05-04 19:33:01,433 - sensor_collector - INFO - Wrote 5 records to CSV
2025-05-04 19:33:01,534 - system_runner - INFO - Django server: System check identified no issues (0 silenced).
2025-05-04 19:35:41,321 - system_runner - INFO - Starting Django server...
2025-05-04 19:35:41,321 - system_runner - INFO - Django server started with PID: 84220
2025-05-04 19:35:43,321 - system_runner - INFO - Starting data collector...
2025-05-04 19:35:43,322 - system_runner - INFO - Data collector started with PID: 84244
2025-05-04 19:35:43,322 - system_runner - INFO - All system components started!
2025-05-04 19:35:43,322 - system_runner - INFO - Django server: Watching for file changes with StatReloader
2025-05-04 19:35:43,493 - system_runner - INFO - Data collector: 2025-05-04 19:35:43,493 - sensor_collector - INFO - Starting data collection. Writing to /home/fire/Downloads/plant_health_monitoring_system/Get-Data/Data.csv
2025-05-04 19:35:43,593 - system_runner - INFO - Django server: Performing system checks...
2025-05-04 19:35:43,593 - system_runner - INFO - Data collector: 2025-05-04 19:35:43,493 - sensor_collector - INFO - Collection interval: 5.0 seconds
2025-05-04 19:35:43,694 - system_runner - INFO - Django server: 
2025-05-04 19:36:03,604 - system_runner - INFO - Data collector: 2025-05-04 19:36:03,604 - sensor_collector - INFO - Wrote 5 records to CSV
2025-05-04 19:36:03,705 - system_runner - INFO - Django server: System check identified no issues (0 silenced).
2025-05-04 19:36:08,606 - system_runner - INFO - Data collector: 2025-05-04 19:36:08,605 - sensor_collector - INFO - Updating collection interval from 5.0 to 2.0 seconds
2025-05-04 19:36:08,706 - system_runner - INFO - Django server: May 04, 2025 - 19:35:41
2025-05-04 19:36:16,722 - system_runner - INFO - Data collector: 2025-05-04 19:36:16,721 - sensor_collector - INFO - Wrote 5 records to CSV
2025-05-04 19:36:16,822 - system_runner - INFO - Django server: Django version 5.2, using settings 'plant_health_monitoring_system.settings'
2025-05-04 19:36:20,746 - system_runner - INFO - Data collector: 2025-05-04 19:36:20,746 - sensor_collector - INFO - Updating collection interval from 2.0 to 0.5 seconds
2025-05-04 19:36:20,846 - system_runner - INFO - Django server: Starting development server at http://0.0.0.0:8000/
2025-05-04 19:36:22,337 - system_runner - INFO - Data collector: 2025-05-04 19:36:22,336 - sensor_collector - INFO - Wrote 5 records to CSV
2025-05-04 19:36:22,437 - system_runner - INFO - Django server: Quit the server with CONTROL-C.
2025-05-04 19:36:24,953 - system_runner - INFO - Data collector: 2025-05-04 19:36:24,953 - sensor_collector - INFO - Wrote 5 records to CSV
2025-05-04 19:36:25,053 - system_runner - INFO - Django server: 
2025-05-04 19:36:27,571 - system_runner - INFO - Data collector: 2025-05-04 19:36:27,571 - sensor_collector - INFO - Wrote 5 records to CSV
2025-05-04 19:36:27,672 - system_runner - INFO - Django server: WARNING: This is a development server. Do not use it in a production setting. Use a production WSGI or ASGI server instead.
2025-05-04 19:36:30,192 - system_runner - INFO - Data collector: 2025-05-04 19:36:30,192 - sensor_collector - INFO - Wrote 5 records to CSV
2025-05-04 19:36:30,293 - system_runner - INFO - Django server: For more information on production servers see: https://docs.djangoproject.com/en/5.2/howto/deployment/
2025-05-04 19:36:32,788 - system_runner - INFO - Data collector: 2025-05-04 19:36:32,788 - sensor_collector - INFO - Wrote 5 records to CSV
2025-05-04 19:36:32,889 - system_runner - INFO - Django server: [04/May/2025 19:35:45] "GET /api/latest-data/ HTTP/1.1" 200 2105
2025-05-04 19:36:35,402 - system_runner - INFO - Data collector: 2025-05-04 19:36:35,402 - sensor_collector - INFO - Wrote 5 records to CSV
2025-05-04 19:36:35,502 - system_runner - INFO - Django server: [04/May/2025 19:35:50] "GET /api/latest-data/ HTTP/1.1" 200 2103
2025-05-04 19:36:38,016 - system_runner - INFO - Data collector: 2025-05-04 19:36:38,016 - sensor_collector - INFO - Wrote 5 records to CSV
2025-05-04 19:36:38,116 - system_runner - INFO - Django server: [04/May/2025 19:35:50] "GET /dashboard/ HTTP/1.1" 200 49976
2025-05-04 19:36:40,631 - system_runner - INFO - Data collector: 2025-05-04 19:36:40,631 - sensor_collector - INFO - Wrote 5 records to CSV
2025-05-04 19:36:40,732 - system_runner - INFO - Django server: Not Found: /favicon.ico
2025-05-04 19:36:43,242 - system_runner - INFO - Data collector: 2025-05-04 19:36:43,241 - sensor_collector - INFO - Wrote 5 records to CSV
2025-05-04 19:36:43,342 - system_runner - INFO - Django server: [04/May/2025 19:35:51] "GET /favicon.ico HTTP/1.1" 404 3585
2025-05-04 19:43:26,578 - system_runner - INFO - Starting Django server...
2025-05-04 19:43:26,578 - system_runner - INFO - Django server started with PID: 84963
2025-05-04 19:43:28,579 - system_runner - INFO - Starting data collector...
2025-05-04 19:43:28,580 - system_runner - INFO - Data collector started with PID: 84987
2025-05-04 19:43:28,580 - system_runner - INFO - All system components started!
2025-05-04 19:43:28,580 - system_runner - INFO - Django server: Watching for file changes with StatReloader
2025-05-04 19:43:28,745 - system_runner - INFO - Data collector: 2025-05-04 19:43:28,744 - sensor_collector - INFO - Starting data collection. Writing to /home/fire/Downloads/plant_health_monitoring_system/Get-Data/Data.csv
2025-05-04 19:43:28,845 - system_runner - INFO - Django server: Performing system checks...
2025-05-04 19:43:28,845 - system_runner - INFO - Data collector: 2025-05-04 19:43:28,744 - sensor_collector - INFO - Collection interval: 5.0 seconds
2025-05-04 19:43:28,946 - system_runner - INFO - Django server: 
2025-05-04 19:43:53,855 - system_runner - INFO - Data collector: 2025-05-04 19:43:53,855 - sensor_collector - INFO - Updating collection interval from 5.0 to 1.0 seconds
2025-05-04 19:43:53,956 - system_runner - INFO - Django server: System check identified no issues (0 silenced).
2025-05-04 19:44:03,070 - system_runner - INFO - Data collector: 2025-05-04 19:44:03,070 - sensor_collector - INFO - Wrote 15 records to CSV
2025-05-04 19:44:03,170 - system_runner - INFO - Django server: May 04, 2025 - 19:43:27
2025-05-04 19:44:18,406 - system_runner - INFO - Data collector: 2025-05-04 19:44:18,406 - sensor_collector - INFO - Wrote 15 records to CSV
2025-05-04 19:44:18,506 - system_runner - INFO - Django server: Django version 5.2, using settings 'plant_health_monitoring_system.settings'
2025-05-04 19:46:16,947 - system_runner - INFO - Starting Django server...
2025-05-04 19:46:16,947 - system_runner - INFO - Django server started with PID: 85278
2025-05-04 19:46:18,947 - system_runner - INFO - Starting data collector...
2025-05-04 19:46:18,947 - system_runner - INFO - Data collector started with PID: 85302
2025-05-04 19:46:18,948 - system_runner - INFO - All system components started!
2025-05-04 19:46:18,948 - system_runner - INFO - Django server: Watching for file changes with StatReloader
2025-05-04 19:46:19,110 - system_runner - INFO - Data collector: 2025-05-04 19:46:19,110 - sensor_collector - INFO - Starting data collection. Writing to /home/fire/Downloads/plant_health_monitoring_system/Get-Data/Data.csv
2025-05-04 19:46:19,210 - system_runner - INFO - Django server: Performing system checks...
2025-05-04 19:46:19,210 - system_runner - INFO - Data collector: 2025-05-04 19:46:19,110 - sensor_collector - INFO - Collection interval: 5.0 seconds
2025-05-04 19:46:19,311 - system_runner - INFO - Django server: 
2025-05-04 19:46:34,180 - system_runner - INFO - Data collector: 2025-05-04 19:46:34,180 - sensor_collector - INFO - Updating collection interval from 5.0 to 0.5 seconds
2025-05-04 19:46:34,280 - system_runner - INFO - Django server: System check identified no issues (0 silenced).
2025-05-04 19:46:39,930 - system_runner - INFO - Data collector: 2025-05-04 19:46:39,930 - sensor_collector - INFO - Wrote 15 records to CSV
2025-05-04 19:46:40,030 - system_runner - INFO - Django server: May 04, 2025 - 19:46:17
2025-05-04 19:46:42,520 - system_runner - INFO - Data collector: 2025-05-04 19:46:42,520 - sensor_collector - INFO - Updating collection interval from 0.5 to 1.0 seconds
2025-05-04 19:46:42,620 - system_runner - INFO - Django server: Django version 5.2, using settings 'plant_health_monitoring_system.settings'
2025-05-04 19:46:52,782 - system_runner - INFO - Data collector: 2025-05-04 19:46:52,782 - sensor_collector - INFO - Wrote 15 records to CSV
2025-05-04 19:46:52,883 - system_runner - INFO - Django server: Starting development server at http://0.0.0.0:8000/
2025-05-04 19:46:56,860 - system_runner - INFO - Data collector: 2025-05-04 19:46:56,860 - sensor_collector - INFO - Updating collection interval from 1.0 to 2.0 seconds
2025-05-04 19:46:56,961 - system_runner - INFO - Django server: Quit the server with CONTROL-C.
2025-05-04 19:47:19,138 - system_runner - INFO - Data collector: 2025-05-04 19:47:19,138 - sensor_collector - INFO - Wrote 15 records to CSV
2025-05-04 19:47:19,238 - system_runner - INFO - Django server: 
2025-05-04 19:51:20,575 - system_runner - INFO - Starting Django server...
2025-05-04 19:51:20,575 - system_runner - INFO - Django server started with PID: 85747
2025-05-04 19:51:22,576 - system_runner - INFO - Starting data collector...
2025-05-04 19:51:22,577 - system_runner - INFO - Data collector started with PID: 85771
2025-05-04 19:51:22,577 - system_runner - INFO - All system components started!
2025-05-04 19:51:22,577 - system_runner - INFO - Django server: Watching for file changes with StatReloader
2025-05-04 19:51:22,738 - system_runner - INFO - Data collector: 2025-05-04 19:51:22,738 - sensor_collector - INFO - Starting data collection. Writing to /home/fire/Downloads/plant_health_monitoring_system/Get-Data/Data.csv
2025-05-04 19:51:22,839 - system_runner - INFO - Django server: Performing system checks...
2025-05-04 19:51:22,839 - system_runner - INFO - Data collector: 2025-05-04 19:51:22,738 - sensor_collector - INFO - Collection interval: 5.0 seconds
2025-05-04 19:51:22,940 - system_runner - INFO - Django server: 
2025-05-04 19:51:52,858 - system_runner - INFO - Data collector: 2025-05-04 19:51:52,858 - sensor_collector - INFO - Updating collection interval from 5.0 to 2.0 seconds
2025-05-04 19:51:52,958 - system_runner - INFO - Django server: System check identified no issues (0 silenced).
2025-05-04 19:52:09,051 - system_runner - INFO - Data collector: 2025-05-04 19:52:09,050 - sensor_collector - INFO - Wrote 15 records to CSV
2025-05-04 19:52:09,151 - system_runner - INFO - Django server: May 04, 2025 - 19:51:20
2025-05-04 20:01:02,461 - system_runner - INFO - Starting Django server...
2025-05-04 20:01:02,461 - system_runner - INFO - Django server started with PID: 87884
2025-05-04 20:01:04,461 - system_runner - INFO - Starting data collector...
2025-05-04 20:01:04,462 - system_runner - INFO - Data collector started with PID: 87931
2025-05-04 20:01:04,462 - system_runner - INFO - All system components started!
2025-05-04 20:01:04,462 - system_runner - INFO - Django server: Watching for file changes with StatReloader
2025-05-04 20:01:04,624 - system_runner - INFO - Data collector: 2025-05-04 20:01:04,623 - sensor_collector - INFO - Starting data collection. Writing to /home/fire/Downloads/plant_health_monitoring_system/Get-Data/Data.csv
2025-05-04 20:01:04,724 - system_runner - INFO - Django server: Performing system checks...
2025-05-04 20:01:04,724 - system_runner - INFO - Data collector: 2025-05-04 20:01:04,624 - sensor_collector - INFO - Collection interval: 5.0 seconds
2025-05-04 20:01:04,824 - system_runner - INFO - Django server: 
2025-05-04 20:01:04,824 - system_runner - INFO - Data collector: 2025-05-04 20:01:04,647 - sensor_collector - ERROR - Error updating system status: no such table: monitoring_systemstatus
2025-05-04 20:01:04,925 - system_runner - INFO - Django server: System check identified no issues (0 silenced).
2025-05-04 20:01:09,647 - system_runner - INFO - Data collector: 2025-05-04 20:01:09,647 - sensor_collector - ERROR - Error updating system status: no such table: monitoring_systemstatus
2025-05-04 20:01:09,747 - system_runner - INFO - Django server: 
2025-05-04 20:01:14,647 - system_runner - INFO - Data collector: 2025-05-04 20:01:14,647 - sensor_collector - ERROR - Error updating system status: no such table: monitoring_systemstatus
2025-05-04 20:01:14,747 - system_runner - INFO - Django server: You have 1 unapplied migration(s). Your project may not work properly until you apply the migrations for app(s): monitoring.
2025-05-04 20:01:19,651 - system_runner - INFO - Data collector: 2025-05-04 20:01:19,651 - sensor_collector - ERROR - Error updating system status: no such table: monitoring_systemstatus
2025-05-04 20:01:19,751 - system_runner - INFO - Django server: Run 'python manage.py migrate' to apply them.
2025-05-04 20:02:04,776 - system_runner - INFO - Starting Django server...
2025-05-04 20:02:04,776 - system_runner - INFO - Django server started with PID: 88220
2025-05-04 20:02:06,776 - system_runner - INFO - Starting data collector...
2025-05-04 20:02:06,777 - system_runner - INFO - Data collector started with PID: 88232
2025-05-04 20:02:06,777 - system_runner - INFO - All system components started!
2025-05-04 20:02:06,777 - system_runner - INFO - Django server: Watching for file changes with StatReloader
2025-05-04 20:02:06,950 - system_runner - INFO - Data collector: 2025-05-04 20:02:06,949 - sensor_collector - INFO - Starting data collection. Writing to /home/fire/Downloads/plant_health_monitoring_system/Get-Data/Data.csv
2025-05-04 20:02:13,041 - system_runner - INFO - Django server: [04/May/2025 20:02:13] "GET /dashboard/ HTTP/1.1" 200 26350
2025-05-04 20:02:13,041 - system_runner - INFO - Data collector: 2025-05-04 20:02:06,950 - sensor_collector - INFO - Collection interval: 5.0 seconds
2025-05-04 20:02:26,730 - system_runner - INFO - Shutdown signal received. Stopping all processes...
2025-05-04 20:02:26,730 - system_runner - INFO - Stopping Django server...
2025-05-04 20:02:26,794 - system_runner - INFO - Stopping Data collector...
2025-05-04 20:02:27,108 - system_runner - ERROR - Data collector died with return code: 0
2025-05-04 20:02:27,208 - system_runner - INFO - System shutdown complete
2025-05-04 20:05:47,768 - system_runner - INFO - Starting Django server...
2025-05-04 20:05:47,768 - system_runner - INFO - Django server started with PID: 88545
2025-05-04 20:05:49,769 - system_runner - INFO - Starting data collector...
2025-05-04 20:05:49,769 - system_runner - INFO - Data collector started with PID: 88569
2025-05-04 20:05:49,769 - system_runner - INFO - All system components started!
2025-05-04 20:05:49,769 - system_runner - INFO - Django server: Watching for file changes with StatReloader
2025-05-04 20:05:49,938 - system_runner - INFO - Data collector: 2025-05-04 20:05:49,937 - sensor_collector - INFO - Starting data collection. Writing to /home/fire/Downloads/plant_health_monitoring_system/Get-Data/Data.csv
2025-05-04 20:05:50,038 - system_runner - INFO - Django server: Performing system checks...
2025-05-04 20:05:50,038 - system_runner - INFO - Data collector: 2025-05-04 20:05:49,938 - sensor_collector - INFO - Collection interval: 5.0 seconds
2025-05-04 20:05:50,138 - system_runner - INFO - Django server: 
2025-05-04 20:07:00,157 - system_runner - INFO - Data collector: 2025-05-04 20:07:00,156 - sensor_collector - INFO - Wrote 15 records to CSV
2025-05-04 20:07:00,257 - system_runner - INFO - Django server: System check identified no issues (0 silenced).
2025-05-04 20:07:52,675 - system_runner - INFO - Starting Django server...
2025-05-04 20:07:52,675 - system_runner - INFO - Django server started with PID: 88776
2025-05-04 20:07:54,675 - system_runner - INFO - Starting data collector...
2025-05-04 20:07:54,676 - system_runner - INFO - Data collector started with PID: 88788
2025-05-04 20:07:54,676 - system_runner - INFO - All system components started!
2025-05-04 20:07:54,676 - system_runner - INFO - Django server: Watching for file changes with StatReloader
2025-05-04 20:07:54,839 - system_runner - INFO - Data collector: 2025-05-04 20:07:54,838 - sensor_collector - INFO - Starting data collection. Writing to /home/fire/Downloads/plant_health_monitoring_system/Get-Data/Data.csv
2025-05-04 20:07:55,311 - system_runner - INFO - Django server: [04/May/2025 20:07:55] "GET /dashboard/ HTTP/1.1" 200 56823
2025-05-04 20:07:55,311 - system_runner - INFO - Data collector: 2025-05-04 20:07:54,839 - sensor_collector - INFO - Collection interval: 5.0 seconds
2025-05-04 20:07:55,511 - system_runner - INFO - Django server: [04/May/2025 20:07:55] "GET /api/system-status/ HTTP/1.1" 200 238
2025-05-04 20:08:11,705 - system_runner - INFO - Shutdown signal received. Stopping all processes...
2025-05-04 20:08:11,705 - system_runner - INFO - Stopping Django server...
2025-05-04 20:08:11,769 - system_runner - INFO - Stopping Data collector...
2025-05-04 20:08:14,989 - system_runner - INFO - Data collector: 2025-05-04 20:08:11,705 - sensor_collector - INFO - Shutdown signal received. Exiting gracefully...
2025-05-04 20:08:15,089 - system_runner - INFO - System shutdown complete
2025-05-04 20:08:48,470 - system_runner - INFO - Starting Django server...
2025-05-04 20:08:48,471 - system_runner - INFO - Django server started with PID: 88920
2025-05-04 20:08:50,471 - system_runner - INFO - Starting data collector...
2025-05-04 20:08:50,471 - system_runner - INFO - Data collector started with PID: 88944
2025-05-04 20:08:50,471 - system_runner - INFO - All system components started!
2025-05-04 20:08:50,471 - system_runner - INFO - Django server: Watching for file changes with StatReloader
2025-05-04 20:08:50,633 - system_runner - INFO - Data collector: 2025-05-04 20:08:50,633 - sensor_collector - INFO - Starting data collection. Writing to /home/fire/Downloads/plant_health_monitoring_system/Get-Data/Data.csv
2025-05-04 20:08:50,734 - system_runner - INFO - Django server: Performing system checks...
2025-05-04 20:08:50,734 - system_runner - INFO - Data collector: 2025-05-04 20:08:50,633 - sensor_collector - INFO - Collection interval: 5.0 seconds
2025-05-04 20:08:50,835 - system_runner - INFO - Django server: 
2025-05-04 20:11:22,357 - system_runner - INFO - Starting Django server...
2025-05-04 20:11:22,357 - system_runner - INFO - Django server started with PID: 89261
2025-05-04 20:11:24,358 - system_runner - INFO - Starting data collector...
2025-05-04 20:11:24,358 - system_runner - INFO - Data collector started with PID: 89285
2025-05-04 20:11:24,358 - system_runner - INFO - All system components started!
2025-05-04 20:11:24,358 - system_runner - INFO - Django server: Watching for file changes with StatReloader
2025-05-04 20:11:24,526 - system_runner - INFO - Data collector: 2025-05-04 20:11:24,526 - sensor_collector - INFO - Starting data collection. Writing to /home/fire/Downloads/plant_health_monitoring_system/Get-Data/Data.csv
2025-05-04 20:11:24,626 - system_runner - INFO - Django server: Performing system checks...
2025-05-04 20:11:24,626 - system_runner - INFO - Data collector: 2025-05-04 20:11:24,526 - sensor_collector - INFO - Collection interval: 5.0 seconds
2025-05-04 20:11:24,727 - system_runner - INFO - Django server: 
2025-05-04 20:12:09,803 - system_runner - INFO - Starting Django server...
2025-05-04 20:12:09,803 - system_runner - INFO - Django server started with PID: 89419
2025-05-04 20:12:11,803 - system_runner - INFO - Starting data collector...
2025-05-04 20:12:11,804 - system_runner - INFO - Data collector started with PID: 89443
2025-05-04 20:12:11,804 - system_runner - INFO - All system components started!
2025-05-04 20:12:11,804 - system_runner - INFO - Django server: Watching for file changes with StatReloader
2025-05-04 20:12:11,967 - system_runner - INFO - Data collector: 2025-05-04 20:12:11,967 - sensor_collector - INFO - Starting data collection. Writing to /home/fire/Downloads/plant_health_monitoring_system/Get-Data/Data.csv
2025-05-04 20:12:12,067 - system_runner - INFO - Django server: Performing system checks...
2025-05-04 20:12:12,067 - system_runner - INFO - Data collector: 2025-05-04 20:12:11,967 - sensor_collector - INFO - Collection interval: 5.0 seconds
2025-05-04 20:12:12,167 - system_runner - INFO - Django server: 
2025-05-04 20:18:18,948 - system_runner - INFO - Starting Django server...
2025-05-04 20:18:18,948 - system_runner - INFO - Django server started with PID: 90941
2025-05-04 20:18:20,948 - system_runner - INFO - Starting data collector...
2025-05-04 20:18:20,949 - system_runner - INFO - Data collector started with PID: 90953
2025-05-04 20:18:20,949 - system_runner - INFO - All system components started!
2025-05-04 20:18:20,949 - system_runner - INFO - Django server: Watching for file changes with StatReloader
2025-05-04 20:18:21,142 - system_runner - INFO - Data collector: 2025-05-04 20:18:21,142 - sensor_collector - INFO - Starting data collection. Writing to /home/fire/Downloads/plant_health_monitoring_system/Get-Data/Data.csv
2025-05-04 20:18:27,574 - system_runner - INFO - Django server: [04/May/2025 20:18:27] "GET /dashboard/ HTTP/1.1" 200 57373
2025-05-04 20:18:27,574 - system_runner - INFO - Data collector: 2025-05-04 20:18:21,142 - sensor_collector - INFO - Collection interval: 5.0 seconds
2025-05-04 20:18:27,813 - system_runner - INFO - Django server: [04/May/2025 20:18:27] "GET /api/system-status/ HTTP/1.1" 200 239
2025-05-04 20:18:49,423 - system_runner - INFO - Shutdown signal received. Stopping all processes...
2025-05-04 20:18:49,423 - system_runner - INFO - Stopping Django server...
2025-05-04 20:18:49,487 - system_runner - INFO - Stopping Data collector...
2025-05-04 20:18:51,354 - system_runner - INFO - Data collector: 2025-05-04 20:18:49,423 - sensor_collector - INFO - Shutdown signal received. Exiting gracefully...
2025-05-04 20:18:51,454 - system_runner - INFO - System shutdown complete
2025-05-04 20:21:30,188 - system_runner - INFO - Starting Django server...
2025-05-04 20:21:30,189 - system_runner - INFO - Django server started with PID: 91694
2025-05-04 20:21:32,189 - system_runner - INFO - Starting data collector...
2025-05-04 20:21:32,189 - system_runner - INFO - Data collector started with PID: 91720
2025-05-04 20:21:32,189 - system_runner - INFO - All system components started!
2025-05-04 20:21:32,189 - system_runner - INFO - Django server: Watching for file changes with StatReloader
2025-05-04 20:21:32,359 - system_runner - INFO - Data collector: 2025-05-04 20:21:32,359 - sensor_collector - INFO - Starting data collection. Writing to /home/fire/Downloads/plant_health_monitoring_system/Get-Data/Data.csv
2025-05-04 20:21:32,460 - system_runner - INFO - Django server: Performing system checks...
2025-05-04 20:21:32,460 - system_runner - INFO - Data collector: 2025-05-04 20:21:32,359 - sensor_collector - INFO - Collection interval: 5.0 seconds
2025-05-04 20:21:32,560 - system_runner - INFO - Django server: 
2025-05-04 20:22:42,597 - system_runner - INFO - Data collector: 2025-05-04 20:22:42,597 - sensor_collector - INFO - Wrote 15 records to CSV
2025-05-04 20:22:42,698 - system_runner - INFO - Django server: System check identified no issues (0 silenced).
2025-05-04 20:27:11,404 - system_runner - INFO - Starting Django server...
2025-05-04 20:27:11,404 - system_runner - INFO - Django server started with PID: 91999
2025-05-04 20:27:13,405 - system_runner - INFO - Starting data collector...
2025-05-04 20:27:13,405 - system_runner - INFO - Data collector started with PID: 92011
2025-05-04 20:27:13,405 - system_runner - INFO - All system components started!
2025-05-04 20:27:13,405 - system_runner - INFO - Django server: Watching for file changes with StatReloader
2025-05-04 20:27:13,583 - system_runner - INFO - Data collector: 2025-05-04 20:27:13,582 - sensor_collector - INFO - Starting data collection. Writing to /home/fire/Downloads/plant_health_monitoring_system/Get-Data/Data.csv
2025-05-04 20:27:17,710 - system_runner - INFO - Django server: [04/May/2025 20:27:17] "GET /dashboard/ HTTP/1.1" 200 57369
2025-05-04 20:27:17,710 - system_runner - INFO - Data collector: 2025-05-04 20:27:13,582 - sensor_collector - INFO - Collection interval: 5.0 seconds
2025-05-04 20:27:17,977 - system_runner - INFO - Django server: [04/May/2025 20:27:17] "GET /api/system-status/ HTTP/1.1" 200 240
2025-05-04 20:28:23,794 - system_runner - INFO - Data collector: 2025-05-04 20:28:23,794 - sensor_collector - INFO - Wrote 15 records to CSV
2025-05-04 20:28:23,894 - system_runner - INFO - Django server: [04/May/2025 20:27:17] "GET /api/latest-data/ HTTP/1.1" 200 2110
2025-05-04 20:28:42,183 - system_runner - INFO - Shutdown signal received. Stopping all processes...
2025-05-04 20:28:42,183 - system_runner - INFO - Stopping Django server...
2025-05-04 20:28:42,297 - system_runner - INFO - Stopping Data collector...
2025-05-04 20:28:43,913 - system_runner - INFO - Data collector: 2025-05-04 20:28:42,183 - sensor_collector - INFO - Shutdown signal received. Exiting gracefully...
2025-05-04 20:28:44,014 - system_runner - INFO - System shutdown complete
2025-05-04 20:31:21,002 - system_runner - INFO - Starting Django server...
2025-05-04 20:31:21,003 - system_runner - INFO - Django server started with PID: 92460
2025-05-04 20:31:23,003 - system_runner - INFO - Starting data collector...
2025-05-04 20:31:23,003 - system_runner - INFO - Data collector started with PID: 92479
2025-05-04 20:31:23,003 - system_runner - INFO - All system components started!
2025-05-04 20:31:23,003 - system_runner - INFO - Django server: Watching for file changes with StatReloader
2025-05-04 20:31:23,164 - system_runner - INFO - Data collector: 2025-05-04 20:31:23,163 - sensor_collector - INFO - Starting data collection. Writing to /home/fire/Downloads/plant_health_monitoring_system/Get-Data/Data.csv
2025-05-04 20:31:23,264 - system_runner - INFO - Django server: Performing system checks...
2025-05-04 20:31:23,264 - system_runner - INFO - Data collector: 2025-05-04 20:31:23,164 - sensor_collector - INFO - Collection interval: 5.0 seconds
2025-05-04 20:31:23,364 - system_runner - INFO - Django server: 
2025-05-04 20:32:33,406 - system_runner - INFO - Data collector: 2025-05-04 20:32:33,406 - sensor_collector - INFO - Wrote 15 records to CSV
2025-05-04 20:32:33,507 - system_runner - INFO - Django server: System check identified no issues (0 silenced).
